.idea/build/intermediates/manifest_merge_blame_file/debug/manifest-merger-blame-debug-report.txt
1<?xml version="1.0" encoding="utf-8"?>
2<manifest xmlns:android="http://schemas.android.com/apk/res/android"
3    package="com.peterstev.fairmoney"
4    android:versionCode="1"
5    android:versionName="1.0" >
6
7    <uses-sdk
8        android:minSdkVersion="23"
8-->src\main\AndroidManifest.xml
9        android:targetSdkVersion="30" />
9-->src\main\AndroidManifest.xml
10
11    <uses-permission android:name="android.permission.INTERNET" />
11-->src\main\AndroidManifest.xml:5:5-67
11-->src\main\AndroidManifest.xml:5:22-64
12    <uses-permission android:name="android.permission.ACCESS_NETWORK_STATE" />
12-->src\main\AndroidManifest.xml:6:5-79
12-->src\main\AndroidManifest.xml:6:22-76
13    <uses-permission android:name="android.permission.WRITE_EXTERNAL_STORAGE" />
14    <uses-permission android:name="android.permission.READ_PHONE_STATE" />
15    <uses-permission android:name="android.permission.READ_EXTERNAL_STORAGE" />
16
17    <application
17-->src\main\AndroidManifest.xml:8:5-23:19
18        android:name="com.peterstev.fairmoney.base.BaseApplication"
18-->src\main\AndroidManifest.xml:9:9-45
19        android:allowBackup="true"
19-->src\main\AndroidManifest.xml:10:9-35
20        android:appComponentFactory="androidx.core.app.CoreComponentFactory"
20-->[androidx.core:core:1.3.2] AndroidManifest.xml:24:18-86
21        android:debuggable="true"
22        android:extractNativeLibs="false"
23        android:icon="@mipmap/ic_launcher"
23-->src\main\AndroidManifest.xml:11:9-43
24        android:label="@string/app_name"
24-->src\main\AndroidManifest.xml:12:9-41
25        android:roundIcon="@mipmap/ic_launcher_round"
25-->src\main\AndroidManifest.xml:13:9-54
26        android:supportsRtl="true"
26-->src\main\AndroidManifest.xml:14:9-35
27        android:testOnly="true"
28        android:theme="@style/Theme.FairMoney" >
28-->src\main\AndroidManifest.xml:15:9-47
29        <activity android:name="com.peterstev.fairmoney.presentation.activities.MainActivity" >
29-->src\main\AndroidManifest.xml:16:9-22:20
29-->src\main\AndroidManifest.xml:16:19-94
30            <intent-filter>
30-->src\main\AndroidManifest.xml:17:13-21:29
31                <action android:name="android.intent.action.MAIN" />
31-->src\main\AndroidManifest.xml:18:17-69
31-->src\main\AndroidManifest.xml:18:25-66
32
33                <category android:name="android.intent.category.LAUNCHER" />
33-->src\main\AndroidManifest.xml:20:17-77
33-->src\main\AndroidManifest.xml:20:27-74
34            </intent-filter>
35        </activity>
36
37        <provider
37-->[com.readystatesoftware.chuck:library:1.1.0] AndroidManifest.xml:23:9-26:40
38            android:name="com.readystatesoftware.chuck.internal.data.ChuckContentProvider"
38-->[com.readystatesoftware.chuck:library:1.1.0] AndroidManifest.xml:24:13-91
39            android:authorities="com.peterstev.fairmoney.chuck.provider"
39-->[com.readystatesoftware.chuck:library:1.1.0] AndroidManifest.xml:25:13-66
40            android:exported="false" />
40-->[com.readystatesoftware.chuck:library:1.1.0] AndroidManifest.xml:26:13-37
41
42        <activity
42-->[com.readystatesoftware.chuck:library:1.1.0] AndroidManifest.xml:28:9-33:50
43            android:name="com.readystatesoftware.chuck.internal.ui.MainActivity"
43-->[com.readystatesoftware.chuck:library:1.1.0] AndroidManifest.xml:29:13-81
44            android:label="@string/chuck_name"
44-->[com.readystatesoftware.chuck:library:1.1.0] AndroidManifest.xml:30:13-47
45            android:launchMode="singleTask"
45-->[com.readystatesoftware.chuck:library:1.1.0] AndroidManifest.xml:31:13-44
46            android:taskAffinity="com.readystatesoftware.chuck.task"
46-->[com.readystatesoftware.chuck:library:1.1.0] AndroidManifest.xml:32:13-69
47            android:theme="@style/Chuck.Theme" />
47-->[com.readystatesoftware.chuck:library:1.1.0] AndroidManifest.xml:33:13-47
48        <activity
48-->[com.readystatesoftware.chuck:library:1.1.0] AndroidManifest.xml:34:9-37:50
49            android:name="com.readystatesoftware.chuck.internal.ui.TransactionActivity"
49-->[com.readystatesoftware.chuck:library:1.1.0] AndroidManifest.xml:35:13-88
50            android:parentActivityName="com.readystatesoftware.chuck.internal.ui.MainActivity"
50-->[com.readystatesoftware.chuck:library:1.1.0] AndroidManifest.xml:36:13-95
51            android:theme="@style/Chuck.Theme" />
51-->[com.readystatesoftware.chuck:library:1.1.0] AndroidManifest.xml:37:13-47
52
53        <service
53-->[com.readystatesoftware.chuck:library:1.1.0] AndroidManifest.xml:39:9-41:40
54            android:name="com.readystatesoftware.chuck.internal.support.ClearTransactionsService"
54-->[com.readystatesoftware.chuck:library:1.1.0] AndroidManifest.xml:40:13-98
55            android:exported="false" />
55-->[com.readystatesoftware.chuck:library:1.1.0] AndroidManifest.xml:41:13-37
56        <service
56-->[androidx.room:room-runtime:2.2.6] AndroidManifest.xml:25:9-28:40
57            android:name="androidx.room.MultiInstanceInvalidationService"
57-->[androidx.room:room-runtime:2.2.6] AndroidManifest.xml:26:13-74
58            android:directBootAware="true"
58-->[androidx.room:room-runtime:2.2.6] AndroidManifest.xml:27:13-43
59            android:exported="false" />
59-->[androidx.room:room-runtime:2.2.6] AndroidManifest.xml:28:13-37
60
61        <provider
61-->[androidx.lifecycle:lifecycle-process:2.2.0] AndroidManifest.xml:25:9-29:43
62            android:name="androidx.lifecycle.ProcessLifecycleOwnerInitializer"
62-->[androidx.lifecycle:lifecycle-process:2.2.0] AndroidManifest.xml:26:13-79
63            android:authorities="com.peterstev.fairmoney.lifecycle-process"
63-->[androidx.lifecycle:lifecycle-process:2.2.0] AndroidManifest.xml:27:13-69
64            android:exported="false"
64-->[androidx.lifecycle:lifecycle-process:2.2.0] AndroidManifest.xml:28:13-37
65            android:multiprocess="true" />
65-->[androidx.lifecycle:lifecycle-process:2.2.0] AndroidManifest.xml:29:13-40
66    </application>
67
68</manifest>